<?xml version="1.0" encoding="UTF-8"?>
<robot generator="Robot 6.0.2 (Python 3.11.3 on win32)" generated="20230410 22:54:56.961" rpa="false" schemaversion="3">
<suite id="s1" name="Login" source="C:\Users\HP\Desktop\Final Betika\Betika\Tests\Login.robot">
<test id="s1-t1" name="User logs in incorrect credentials" line="10">
<kw name="Opening Browser" library="keywords">
<kw name="Open Browser" library="SeleniumLibrary">
<arg>https://www.betika.com/en-ke/login</arg>
<arg>chrome</arg>
<doc>Opens a new browser instance to the optional ``url``.</doc>
<msg timestamp="20230410 22:54:57.350" level="INFO">Opening browser 'chrome' to base url 'https://www.betika.com/en-ke/login'.</msg>
<status status="PASS" starttime="20230410 22:54:57.350" endtime="20230410 22:55:05.174"/>
</kw>
<kw name="Maximize Browser Window" library="SeleniumLibrary">
<doc>Maximizes current browser window.</doc>
<status status="PASS" starttime="20230410 22:55:05.174" endtime="20230410 22:55:05.322"/>
</kw>
<status status="PASS" starttime="20230410 22:54:57.350" endtime="20230410 22:55:05.322"/>
</kw>
<kw name="User inputs username" library="keywords">
<kw name="Wait Until Element Is Visible" library="SeleniumLibrary">
<arg>//input[@placeholder='e.g. 0712 234567']</arg>
<doc>Waits until the element ``locator`` is visible.</doc>
<status status="PASS" starttime="20230410 22:55:05.322" endtime="20230410 22:55:05.385"/>
</kw>
<kw name="Input Text" library="SeleniumLibrary">
<arg>//input[@placeholder='e.g. 0712 234567']</arg>
<arg>0723107746</arg>
<doc>Types the given ``text`` into the text field identified by ``locator``.</doc>
<msg timestamp="20230410 22:55:05.385" level="INFO">Typing text '0723107746' into text field '//input[@placeholder='e.g. 0712 234567']'.</msg>
<status status="PASS" starttime="20230410 22:55:05.385" endtime="20230410 22:55:05.713"/>
</kw>
<status status="PASS" starttime="20230410 22:55:05.322" endtime="20230410 22:55:05.713"/>
</kw>
<kw name="User inputs wrong password" library="keywords">
<kw name="Input Text" library="SeleniumLibrary">
<arg>//input[@type='password']</arg>
<arg>Qwerty123!!</arg>
<doc>Types the given ``text`` into the text field identified by ``locator``.</doc>
<msg timestamp="20230410 22:55:05.713" level="INFO">Typing text 'Qwerty123!!' into text field '//input[@type='password']'.</msg>
<status status="PASS" starttime="20230410 22:55:05.713" endtime="20230410 22:55:05.925"/>
</kw>
<status status="PASS" starttime="20230410 22:55:05.713" endtime="20230410 22:55:05.925"/>
</kw>
<kw name="User clicks login" library="keywords">
<kw name="Wait Until Element Is Visible" library="SeleniumLibrary">
<arg>//button[@class='button account__payments__submit session__form__button login button button__secondary']</arg>
<doc>Waits until the element ``locator`` is visible.</doc>
<status status="PASS" starttime="20230410 22:55:05.925" endtime="20230410 22:55:06.008"/>
</kw>
<kw name="Click Element" library="SeleniumLibrary">
<arg>//button[@class='button account__payments__submit session__form__button login button button__secondary']</arg>
<doc>Click the element identified by ``locator``.</doc>
<msg timestamp="20230410 22:55:06.008" level="INFO">Clicking element '//button[@class='button account__payments__submit session__form__button login button button__secondary']'.</msg>
<status status="PASS" starttime="20230410 22:55:06.008" endtime="20230410 22:55:06.114"/>
</kw>
<status status="PASS" starttime="20230410 22:55:05.925" endtime="20230410 22:55:06.114"/>
</kw>
<kw name="User should be notified of incorrect details" library="keywords">
<kw name="Wait Until Element Is Visible" library="SeleniumLibrary">
<arg>//p[@class='message']</arg>
<doc>Waits until the element ``locator`` is visible.</doc>
<status status="PASS" starttime="20230410 22:55:06.114" endtime="20230410 22:55:06.938"/>
</kw>
<status status="PASS" starttime="20230410 22:55:06.114" endtime="20230410 22:55:06.938"/>
</kw>
<kw name="Close Browser" library="SeleniumLibrary">
<doc>Closes the current browser.</doc>
<status status="PASS" starttime="20230410 22:55:06.938" endtime="20230410 22:55:10.524"/>
</kw>
<status status="PASS" starttime="20230410 22:54:57.350" endtime="20230410 22:55:10.524"/>
</test>
<test id="s1-t2" name="User Logs in successfully" line="18">
<kw name="Opening Browser" library="keywords">
<kw name="Open Browser" library="SeleniumLibrary">
<arg>https://www.betika.com/en-ke/login</arg>
<arg>chrome</arg>
<doc>Opens a new browser instance to the optional ``url``.</doc>
<msg timestamp="20230410 22:55:10.524" level="INFO">Opening browser 'chrome' to base url 'https://www.betika.com/en-ke/login'.</msg>
<status status="PASS" starttime="20230410 22:55:10.524" endtime="20230410 22:55:18.007"/>
</kw>
<kw name="Maximize Browser Window" library="SeleniumLibrary">
<doc>Maximizes current browser window.</doc>
<status status="PASS" starttime="20230410 22:55:18.007" endtime="20230410 22:55:18.192"/>
</kw>
<status status="PASS" starttime="20230410 22:55:10.524" endtime="20230410 22:55:18.192"/>
</kw>
<kw name="User inputs username" library="keywords">
<kw name="Wait Until Element Is Visible" library="SeleniumLibrary">
<arg>//input[@placeholder='e.g. 0712 234567']</arg>
<doc>Waits until the element ``locator`` is visible.</doc>
<status status="PASS" starttime="20230410 22:55:18.192" endtime="20230410 22:55:18.242"/>
</kw>
<kw name="Input Text" library="SeleniumLibrary">
<arg>//input[@placeholder='e.g. 0712 234567']</arg>
<arg>0723107746</arg>
<doc>Types the given ``text`` into the text field identified by ``locator``.</doc>
<msg timestamp="20230410 22:55:18.242" level="INFO">Typing text '0723107746' into text field '//input[@placeholder='e.g. 0712 234567']'.</msg>
<status status="PASS" starttime="20230410 22:55:18.242" endtime="20230410 22:55:18.442"/>
</kw>
<status status="PASS" starttime="20230410 22:55:18.192" endtime="20230410 22:55:18.442"/>
</kw>
<kw name="User inputs password" library="keywords">
<kw name="Input Text" library="SeleniumLibrary">
<arg>//input[@type='password']</arg>
<arg>27301198</arg>
<doc>Types the given ``text`` into the text field identified by ``locator``.</doc>
<msg timestamp="20230410 22:55:18.442" level="INFO">Typing text '27301198' into text field '//input[@type='password']'.</msg>
<status status="PASS" starttime="20230410 22:55:18.442" endtime="20230410 22:55:18.594"/>
</kw>
<status status="PASS" starttime="20230410 22:55:18.442" endtime="20230410 22:55:18.594"/>
</kw>
<kw name="User clicks login" library="keywords">
<kw name="Wait Until Element Is Visible" library="SeleniumLibrary">
<arg>//button[@class='button account__payments__submit session__form__button login button button__secondary']</arg>
<doc>Waits until the element ``locator`` is visible.</doc>
<status status="PASS" starttime="20230410 22:55:18.594" endtime="20230410 22:55:18.633"/>
</kw>
<kw name="Click Element" library="SeleniumLibrary">
<arg>//button[@class='button account__payments__submit session__form__button login button button__secondary']</arg>
<doc>Click the element identified by ``locator``.</doc>
<msg timestamp="20230410 22:55:18.633" level="INFO">Clicking element '//button[@class='button account__payments__submit session__form__button login button button__secondary']'.</msg>
<status status="PASS" starttime="20230410 22:55:18.633" endtime="20230410 22:55:18.728"/>
</kw>
<status status="PASS" starttime="20230410 22:55:18.594" endtime="20230410 22:55:18.728"/>
</kw>
<kw name="User should be logged in successfully" library="keywords">
<kw name="Wait Until Element Is Visible" library="SeleniumLibrary">
<arg>//button[@class='button account__payments__submit button button__secondary share-code-button']</arg>
<doc>Waits until the element ``locator`` is visible.</doc>
<status status="PASS" starttime="20230410 22:55:18.734" endtime="20230410 22:55:21.120"/>
</kw>
<status status="PASS" starttime="20230410 22:55:18.734" endtime="20230410 22:55:21.120"/>
</kw>
<kw name="Close Browser" library="SeleniumLibrary">
<doc>Closes the current browser.</doc>
<status status="PASS" starttime="20230410 22:55:21.120" endtime="20230410 22:55:23.482"/>
</kw>
<tag>Login</tag>
<status status="PASS" starttime="20230410 22:55:10.524" endtime="20230410 22:55:23.482"/>
</test>
<test id="s1-t3" name="User places bet successfully" line="27">
<kw name="Opening Browser" library="keywords">
<kw name="Open Browser" library="SeleniumLibrary">
<arg>https://www.betika.com/en-ke/login</arg>
<arg>chrome</arg>
<doc>Opens a new browser instance to the optional ``url``.</doc>
<msg timestamp="20230410 22:55:23.482" level="INFO">Opening browser 'chrome' to base url 'https://www.betika.com/en-ke/login'.</msg>
<status status="PASS" starttime="20230410 22:55:23.482" endtime="20230410 22:55:30.964"/>
</kw>
<kw name="Maximize Browser Window" library="SeleniumLibrary">
<doc>Maximizes current browser window.</doc>
<status status="PASS" starttime="20230410 22:55:30.964" endtime="20230410 22:55:31.100"/>
</kw>
<status status="PASS" starttime="20230410 22:55:23.482" endtime="20230410 22:55:31.100"/>
</kw>
<kw name="User inputs username" library="keywords">
<kw name="Wait Until Element Is Visible" library="SeleniumLibrary">
<arg>//input[@placeholder='e.g. 0712 234567']</arg>
<doc>Waits until the element ``locator`` is visible.</doc>
<status status="PASS" starttime="20230410 22:55:31.100" endtime="20230410 22:55:31.139"/>
</kw>
<kw name="Input Text" library="SeleniumLibrary">
<arg>//input[@placeholder='e.g. 0712 234567']</arg>
<arg>0723107746</arg>
<doc>Types the given ``text`` into the text field identified by ``locator``.</doc>
<msg timestamp="20230410 22:55:31.139" level="INFO">Typing text '0723107746' into text field '//input[@placeholder='e.g. 0712 234567']'.</msg>
<status status="PASS" starttime="20230410 22:55:31.139" endtime="20230410 22:55:31.361"/>
</kw>
<status status="PASS" starttime="20230410 22:55:31.100" endtime="20230410 22:55:31.361"/>
</kw>
<kw name="User inputs password" library="keywords">
<kw name="Input Text" library="SeleniumLibrary">
<arg>//input[@type='password']</arg>
<arg>27301198</arg>
<doc>Types the given ``text`` into the text field identified by ``locator``.</doc>
<msg timestamp="20230410 22:55:31.369" level="INFO">Typing text '27301198' into text field '//input[@type='password']'.</msg>
<status status="PASS" starttime="20230410 22:55:31.369" endtime="20230410 22:55:31.531"/>
</kw>
<status status="PASS" starttime="20230410 22:55:31.369" endtime="20230410 22:55:31.531"/>
</kw>
<kw name="User clicks login" library="keywords">
<kw name="Wait Until Element Is Visible" library="SeleniumLibrary">
<arg>//button[@class='button account__payments__submit session__form__button login button button__secondary']</arg>
<doc>Waits until the element ``locator`` is visible.</doc>
<status status="PASS" starttime="20230410 22:55:31.531" endtime="20230410 22:55:31.571"/>
</kw>
<kw name="Click Element" library="SeleniumLibrary">
<arg>//button[@class='button account__payments__submit session__form__button login button button__secondary']</arg>
<doc>Click the element identified by ``locator``.</doc>
<msg timestamp="20230410 22:55:31.571" level="INFO">Clicking element '//button[@class='button account__payments__submit session__form__button login button button__secondary']'.</msg>
<status status="PASS" starttime="20230410 22:55:31.571" endtime="20230410 22:55:31.670"/>
</kw>
<status status="PASS" starttime="20230410 22:55:31.531" endtime="20230410 22:55:31.670"/>
</kw>
<kw name="User should be logged in successfully" library="keywords">
<kw name="Wait Until Element Is Visible" library="SeleniumLibrary">
<arg>//button[@class='button account__payments__submit button button__secondary share-code-button']</arg>
<doc>Waits until the element ``locator`` is visible.</doc>
<status status="PASS" starttime="20230410 22:55:31.670" endtime="20230410 22:55:33.493"/>
</kw>
<status status="PASS" starttime="20230410 22:55:31.670" endtime="20230410 22:55:33.493"/>
</kw>
<kw name="User selects the lowest odds" library="keywords">
<kw name="Create List" library="BuiltIn">
<var>${my_list}</var>
<doc>Returns a list containing given items.</doc>
<msg timestamp="20230410 22:55:33.493" level="INFO">${my_list} = []</msg>
<status status="PASS" starttime="20230410 22:55:33.493" endtime="20230410 22:55:33.493"/>
</kw>
<for flavor="IN">
<var>${value}</var>
<value>@{my_list}</value>
<iter>
<var name="${value}"/>
<kw name="Set Variable" library="BuiltIn">
<var>${locator}</var>
<arg>xpath=//span[normalize-space()='${value}']</arg>
<doc>Returns the given values which can then be assigned to a variables.</doc>
<status status="NOT RUN" starttime="20230410 22:55:33.501" endtime="20230410 22:55:33.501"/>
</kw>
<kw name="Run Keyword And Return Status" library="BuiltIn">
<var>${element}</var>
<arg>Element Should Be Visible</arg>
<arg>${locator}</arg>
<doc>Runs the given keyword with given arguments and returns the status as a Boolean value.</doc>
<status status="NOT RUN" starttime="20230410 22:55:33.501" endtime="20230410 22:55:33.501"/>
</kw>
<kw name="Run Keyword If" library="BuiltIn">
<arg>'${element}' == 'True'</arg>
<arg>Click Element</arg>
<arg>${locator}</arg>
<doc>Runs the given keyword with the given arguments, if ``condition`` is true.</doc>
<status status="NOT RUN" starttime="20230410 22:55:33.501" endtime="20230410 22:55:33.501"/>
</kw>
<kw name="Run Keyword If" library="BuiltIn">
<arg>'${element}' == 'True'</arg>
<arg>Exit For Loop</arg>
<doc>Runs the given keyword with the given arguments, if ``condition`` is true.</doc>
<status status="NOT RUN" starttime="20230410 22:55:33.501" endtime="20230410 22:55:33.501"/>
</kw>
<status status="NOT RUN" starttime="20230410 22:55:33.501" endtime="20230410 22:55:33.501"/>
</iter>
<status status="NOT RUN" starttime="20230410 22:55:33.501" endtime="20230410 22:55:33.501"/>
</for>
<status status="PASS" starttime="20230410 22:55:33.493" endtime="20230410 22:55:33.502"/>
</kw>
<kw name="User enters amount" library="keywords">
<kw name="Click Element" library="SeleniumLibrary">
<arg>//input[@placeholder='Enters stake']</arg>
<doc>Click the element identified by ``locator``.</doc>
<msg timestamp="20230410 22:55:33.502" level="INFO">Clicking element '//input[@placeholder='Enters stake']'.</msg>
<msg timestamp="20230410 22:55:33.904" level="INFO" html="true">&lt;/td&gt;&lt;/tr&gt;&lt;tr&gt;&lt;td colspan="3"&gt;&lt;a href="selenium-screenshot-3.png"&gt;&lt;img src="selenium-screenshot-3.png" width="800px"&gt;&lt;/a&gt;</msg>
<msg timestamp="20230410 22:55:33.904" level="FAIL">Element with locator '//input[@placeholder='Enters stake']' not found.</msg>
<status status="FAIL" starttime="20230410 22:55:33.502" endtime="20230410 22:55:33.904"/>
</kw>
<kw name="Clear Element Text" library="SeleniumLibrary">
<arg>//input[@placeholder='Enters stake']</arg>
<doc>Clears the value of the text-input-element identified by ``locator``.</doc>
<status status="NOT RUN" starttime="20230410 22:55:33.912" endtime="20230410 22:55:33.912"/>
</kw>
<kw name="Input Text" library="SeleniumLibrary">
<arg>//input[@placeholder='Enters stake']</arg>
<arg>1</arg>
<doc>Types the given ``text`` into the text field identified by ``locator``.</doc>
<status status="NOT RUN" starttime="20230410 22:55:33.912" endtime="20230410 22:55:33.912"/>
</kw>
<status status="FAIL" starttime="20230410 22:55:33.502" endtime="20230410 22:55:33.912"/>
</kw>
<kw name="User clicks on place bet" library="keywords">
<status status="NOT RUN" starttime="20230410 22:55:33.912" endtime="20230410 22:55:33.912"/>
</kw>
<kw name="Bet should be placed successfuly" library="keywords">
<status status="NOT RUN" starttime="20230410 22:55:33.912" endtime="20230410 22:55:33.912"/>
</kw>
<status status="FAIL" starttime="20230410 22:55:23.482" endtime="20230410 22:55:33.912">Element with locator '//input[@placeholder='Enters stake']' not found.</status>
</test>
<doc>Betika Login Test</doc>
<status status="FAIL" starttime="20230410 22:54:56.961" endtime="20230410 22:55:33.920"/>
</suite>
<statistics>
<total>
<stat pass="2" fail="1" skip="0">All Tests</stat>
</total>
<tag>
<stat pass="1" fail="0" skip="0">Login</stat>
</tag>
<suite>
<stat pass="2" fail="1" skip="0" id="s1" name="Login">Login</stat>
</suite>
</statistics>
<errors>
</errors>
</robot>
